[Mon Oct  6 16:16:31.473 2008] [15150] creating server socket on 127.0.0.1:3312
[Mon Oct  6 16:16:31.504 2008] [15150] accepting connections
[Mon Oct  6 16:27:19.511 2008] [15150] rotating indices (seamless=1)
[Mon Oct  6 16:27:20.771 2008] [15150] rotating index 'word_core': success
[Mon Oct  6 16:27:20.771 2008] [15150] rotating finished
[Mon Oct  6 16:39:18.558 2008] [15150] rotating indices (seamless=1)
[Mon Oct  6 16:39:19.589 2008] [15150] rotating index 'word_core': success
[Mon Oct  6 16:39:19.589 2008] [15150] rotating finished
[Mon Oct  6 17:02:22.784 2008] [15150] caught SIGTERM, shutting down
[Mon Oct  6 17:02:22.804 2008] [15150] shutdown complete
[Mon Oct  6 17:02:22.884 2008] [15714] creating server socket on 127.0.0.1:3312
[Mon Oct  6 17:02:22.885 2008] [15714] accepting connections
[Wed Oct  8 02:11:36.961 2008] [ 6970] creating server socket on 127.0.0.1:3312
[Wed Oct  8 02:11:36.976 2008] [ 6970] accepting connections
[Wed Oct  8 10:48:35.690 2008] [ 6970] caught SIGTERM, shutting down
[Wed Oct  8 10:48:35.702 2008] [ 6970] shutdown complete
[Wed Oct  8 10:48:35.852 2008] [11532] creating server socket on 127.0.0.1:3312
[Wed Oct  8 10:48:35.852 2008] [11532] accepting connections
[Wed Oct  8 10:52:03.808 2008] [11532] caught SIGTERM, shutting down
[Wed Oct  8 10:52:03.809 2008] [11532] shutdown complete
[Wed Oct  8 10:52:03.835 2008] [11596] creating server socket on 127.0.0.1:3312
[Wed Oct  8 10:52:03.835 2008] [11596] accepting connections
[Wed Oct  8 10:52:26.835 2008] [11596] caught SIGTERM, shutting down
[Wed Oct  8 10:52:26.835 2008] [11596] shutdown complete
[Wed Oct  8 10:52:39.033 2008] [11619] creating server socket on 127.0.0.1:3312
[Wed Oct  8 10:52:39.033 2008] [11619] accepting connections
[Wed Oct  8 10:54:21.102 2008] [11619] caught SIGTERM, shutting down
[Wed Oct  8 10:54:21.102 2008] [11619] shutdown complete
[Wed Oct  8 15:21:22.226 2008] [12875] creating server socket on 127.0.0.1:3312
[Wed Oct  8 15:21:22.226 2008] [12875] accepting connections
[Fri Oct 10 23:38:32.394 2008] [12875] caught SIGTERM, shutting down
[Fri Oct 10 23:38:32.476 2008] [12875] shutdown complete
[Sat Oct 11 01:15:13.366 2008] [23537] creating server socket on 127.0.0.1:3312
[Sat Oct 11 01:15:13.383 2008] [23537] accepting connections
[Sat Oct 11 01:28:38.923 2008] [23537] rotating indices (seamless=1)
[Sat Oct 11 01:28:39.945 2008] [23537] rotating index 'word_core': success
[Sat Oct 11 01:28:39.945 2008] [23537] rotating finished
[Sat Oct 11 01:30:09.625 2008] [23537] rotating indices (seamless=1)
[Sat Oct 11 01:30:10.664 2008] [23537] rotating index 'word_core': success
[Sat Oct 11 01:30:10.664 2008] [23537] rotating finished
[Sat Oct 11 01:32:25.330 2008] [23537] rotating indices (seamless=1)
[Sat Oct 11 01:32:26.348 2008] [23537] rotating index 'word_core': success
[Sat Oct 11 01:32:26.348 2008] [23537] rotating finished
[Sat Oct 11 01:33:11.487 2008] [23537] caught SIGTERM, shutting down
[Sat Oct 11 01:33:11.487 2008] [23537] shutdown complete
[Sat Oct 11 01:36:08.100 2008] [23846] creating server socket on 127.0.0.1:3312
[Sat Oct 11 01:36:08.100 2008] [23846] accepting connections
[Sat Oct 11 01:37:41.258 2008] [23846] caught SIGTERM, shutting down
[Sat Oct 11 01:37:41.258 2008] [23846] shutdown complete
[Sat Oct 11 01:38:28.765 2008] [23890] creating server socket on 127.0.0.1:3312
[Sat Oct 11 01:38:28.765 2008] [23890] accepting connections
[Sat Oct 11 01:41:16.139 2008] [23890] caught SIGTERM, shutting down
[Sat Oct 11 01:41:16.140 2008] [23890] shutdown complete
[Sat Oct 11 01:42:29.371 2008] [23968] creating server socket on 127.0.0.1:3312
[Sat Oct 11 01:42:29.371 2008] [23968] accepting connections
[Sat Oct 11 01:58:45.901 2008] [23968] caught SIGTERM, shutting down
[Sat Oct 11 01:58:45.940 2008] [23968] shutdown complete
[Sat Oct 11 02:00:14.609 2008] [24154] creating server socket on 127.0.0.1:3312
[Sat Oct 11 02:00:14.609 2008] [24154] accepting connections
[Sat Oct 11 02:02:35.351 2008] [24154] caught SIGTERM, shutting down
[Sat Oct 11 02:02:35.352 2008] [24154] shutdown complete
[Sat Oct 11 02:02:56.861 2008] [24201] creating server socket on 127.0.0.1:3312
[Sat Oct 11 02:02:56.861 2008] [24201] accepting connections
[Mon Oct 13 14:30:04.632 2008] [26898] creating server socket on 127.0.0.1:3312
[Mon Oct 13 14:30:04.739 2008] [26898] accepting connections
[Tue Oct 14 18:42:47.198 2008] [26898] caught SIGTERM, shutting down
[Tue Oct 14 18:42:47.289 2008] [26898] shutdown complete
[Tue Oct 14 18:43:19.332 2008] [28425] creating server socket on 127.0.0.1:3312
[Tue Oct 14 18:43:19.332 2008] [28425] accepting connections
[Tue Oct 14 19:01:46.151 2008] [28425] caught SIGTERM, shutting down
[Tue Oct 14 19:01:46.155 2008] [28425] shutdown complete
[Tue Oct 14 19:01:46.205 2008] [29019] creating server socket on 127.0.0.1:3312
[Tue Oct 14 19:01:46.205 2008] [29019] accepting connections
[Tue Oct 14 19:05:44.832 2008] [29019] caught SIGTERM, shutting down
[Tue Oct 14 19:05:44.833 2008] [29019] shutdown complete
[Tue Oct 14 19:10:00.753 2008] [29262] creating server socket on 127.0.0.1:3312
[Tue Oct 14 19:10:00.753 2008] [29262] accepting connections
[Wed Oct 15 00:13:10.217 2008] [29262] rotating indices (seamless=1)
[Wed Oct 15 00:13:11.518 2008] [29262] rotating index 'word_core': success
[Wed Oct 15 00:13:11.518 2008] [29262] rotating finished
[Wed Oct 15 00:13:53.255 2008] [29262] caught SIGTERM, shutting down
[Wed Oct 15 00:13:53.255 2008] [29262] shutdown complete
[Wed Oct 15 00:15:30.869 2008] [30273] creating server socket on 127.0.0.1:3312
[Wed Oct 15 00:15:30.870 2008] [30273] accepting connections
[Wed Oct 15 00:25:37.160 2008] [30273] rotating indices (seamless=1)
[Wed Oct 15 00:25:38.219 2008] [30273] rotating index 'word_core': success
[Wed Oct 15 00:25:38.220 2008] [30273] rotating finished
[Thu Oct 16 19:41:41.339 2008] [30273] caught SIGTERM, shutting down
[Thu Oct 16 19:41:41.518 2008] [30273] shutdown complete
[Thu Oct 16 19:42:07.904 2008] [ 9171] creating server socket on 127.0.0.1:3312
[Thu Oct 16 19:42:07.904 2008] [ 9171] accepting connections
[Sun Oct 19 20:46:22.278 2008] [ 6441] creating server socket on 127.0.0.1:3312
[Sun Oct 19 20:46:22.304 2008] [ 6441] accepting connections
[Sun Oct 19 20:51:55.089 2008] [ 6441] caught SIGTERM, shutting down
[Sun Oct 19 20:51:55.125 2008] [ 6441] shutdown complete
[Sun Oct 19 23:07:07.209 2008] [ 8494] creating server socket on 127.0.0.1:3312
[Sun Oct 19 23:07:07.209 2008] [ 8494] accepting connections
[Tue Oct 21 15:19:44.372 2008] [ 6490] creating server socket on 127.0.0.1:3312
[Tue Oct 21 15:19:44.394 2008] [ 6490] accepting connections
[Fri Oct 24 10:40:09.055 2008] [ 6475] creating server socket on 127.0.0.1:3312
[Fri Oct 24 10:40:09.078 2008] [ 6475] accepting connections
[Sun Oct 26 18:23:54.963 2008] [18893] creating server socket on 127.0.0.1:3312
[Sun Oct 26 18:23:54.984 2008] [18893] accepting connections
[Sun Oct 26 18:41:22.463 2008] [18893] rotating indices (seamless=1)
[Sun Oct 26 18:41:23.497 2008] [18893] rotating index 'word_core': success
[Sun Oct 26 18:41:23.498 2008] [18893] rotating finished
[Sun Oct 26 19:10:51.512 2008] [18893] rotating indices (seamless=1)
[Sun Oct 26 19:10:52.617 2008] [18893] rotating index 'word_core': success
[Sun Oct 26 19:10:52.618 2008] [18893] rotating finished
[Sun Oct 26 23:27:12.970 2008] [18893] rotating indices (seamless=1)
[Sun Oct 26 23:27:14.676 2008] [18893] rotating index 'word_core': success
[Sun Oct 26 23:27:14.676 2008] [18893] rotating finished
[Tue Oct 28 00:02:41.974 2008] [11352] creating server socket on 127.0.0.1:3312
[Tue Oct 28 00:02:42.019 2008] [11352] accepting connections
[Thu Nov  6 01:32:22.343 2008] [20254] accepting connections
[Thu Nov  6 01:32:52.524 2008] [20254] caught SIGTERM, shutting down
[Thu Nov  6 01:32:52.537 2008] [20254] shutdown complete
[Thu Nov  6 01:46:07.614 2008] [20599] accepting connections
[Thu Nov 13 18:05:58.035 2008] [14786] accepting connections
[Thu Nov 13 19:34:26.565 2008] [14786] rotating indices (seamless=1)
[Thu Nov 13 19:34:26.896 2008] [14786] rotating index 'word_core': success
[Thu Nov 13 19:34:27.071 2008] [14786] rotating finished
[Thu Nov 13 19:36:07.964 2008] [14786] caught SIGTERM, shutting down
[Thu Nov 13 19:36:08.043 2008] [14786] shutdown complete
[Thu Nov 13 19:36:20.087 2008] [17421] accepting connections
[Sat Nov 15 23:53:24.693 2008] [13021] accepting connections
[Sun Nov 16 00:13:28.618 2008] [13021] caught SIGTERM, shutting down
[Sun Nov 16 00:13:28.748 2008] [13021] shutdown complete
[Sun Nov 16 00:13:56.562 2008] [13547] accepting connections
[Sun Nov 16 00:14:38.436 2008] [13547] rotating indices (seamless=1)
[Sun Nov 16 00:14:39.539 2008] [13547] rotating index 'word_delta': success
[Sun Nov 16 00:14:39.539 2008] [13547] rotating finished
[Sun Nov 16 00:15:26.349 2008] [13547] rotating indices (seamless=1)
[Sun Nov 16 00:15:27.357 2008] [13547] rotating index 'word_delta': success
[Sun Nov 16 00:15:27.357 2008] [13547] rotating finished
[Sun Nov 23 23:13:39.656 2008] [13547] caught SIGTERM, shutting down
[Sun Nov 23 23:13:43.421 2008] [13547] shutdown complete
[Sat Nov 29 02:56:50.271 2008] [ 8934] accepting connections
[Sat Dec  6 22:46:10.308 2008] [23554] accepting connections
[Tue Dec 23 22:39:12.856 2008] [11683] accepting connections
[Tue Dec 23 22:47:58.213 2008] [11683] rotating indices (seamless=1)
[Tue Dec 23 22:47:58.214 2008] [11683] WARNING: rotating index 'word_delta': prealloc: failed to load /home/superman/Desktop/leximo/leximo/db/sphinx/development/word_delta.new.spa: bad size 0 (at least 28 bytes expected); using old index
[Tue Dec 23 22:47:58.214 2008] [11683] rotating finished
[Tue Dec 23 22:51:14.727 2008] [11683] caught SIGTERM, shutting down
[Tue Dec 23 22:51:14.729 2008] [11683] shutdown complete
[Tue Dec 23 22:53:22.720 2008] [12008] accepting connections
[Tue Dec 23 22:54:40.262 2008] [12008] rotating indices (seamless=1)
[Tue Dec 23 22:54:41.548 2008] [12008] rotating index 'word_delta': success
[Tue Dec 23 22:54:41.548 2008] [12008] rotating finished
[Tue Dec 23 22:58:08.299 2008] [12008] caught SIGTERM, shutting down
[Tue Dec 23 22:58:08.301 2008] [12008] shutdown complete
[Tue Dec 23 22:59:12.515 2008] [12160] accepting connections
[Tue Dec 23 23:10:16.476 2008] [12160] caught SIGTERM, shutting down
[Tue Dec 23 23:10:16.478 2008] [12160] shutdown complete
[Tue Dec 23 23:11:30.521 2008] [12462] accepting connections
[Tue Dec 23 23:17:12.779 2008] [12462] caught SIGTERM, shutting down
[Tue Dec 23 23:17:12.781 2008] [12462] shutdown complete
[Tue Dec 23 23:17:35.430 2008] [12627] accepting connections
[Thu Jan  1 22:00:29.625 2009] [13616] accepting connections
[Fri Jan  2 23:33:37.770 2009] [13616] caught SIGTERM, shutting down
[Fri Jan  2 23:33:40.723 2009] [13616] shutdown complete
[Wed Jan 14 02:19:39.745 2009] [28251] accepting connections
[Wed Jan 14 02:20:32.188 2009] [28251] rotating indices (seamless=1)
[Wed Jan 14 02:20:33.230 2009] [28251] rotating index 'word_delta': success
[Wed Jan 14 02:20:33.231 2009] [28251] rotating finished
[Wed Jan 14 02:24:30.242 2009] [28251] rotating indices (seamless=1)
[Wed Jan 14 02:24:31.246 2009] [28251] rotating index 'word_delta': success
[Wed Jan 14 02:24:31.256 2009] [28251] rotating index 'word_core': success
[Wed Jan 14 02:24:31.256 2009] [28251] rotating finished
[Wed Jan 14 10:24:57.438 2009] [28251] caught SIGTERM, shutting down
[Wed Jan 14 10:24:57.472 2009] [28251] shutdown complete
[Wed Jan 14 19:13:45.239 2009] [ 7729] accepting connections
[Wed Jan 14 19:16:01.949 2009] [ 7729] caught SIGTERM, shutting down
[Wed Jan 14 19:16:01.950 2009] [ 7729] shutdown complete
[Wed Jan 14 19:16:54.016 2009] [ 7792] accepting connections
[Wed Jan 14 19:23:07.582 2009] [ 7792] caught SIGTERM, shutting down
[Wed Jan 14 19:23:07.583 2009] [ 7792] shutdown complete
[Wed Jan 14 19:23:31.483 2009] [ 7912] accepting connections
[Thu Jan 15 02:50:09.569 2009] [ 7912] rotating indices (seamless=1)
[Thu Jan 15 02:50:11.026 2009] [ 7912] rotating index 'word_delta': success
[Thu Jan 15 02:50:11.026 2009] [ 7912] rotating finished
[Thu Jan 15 09:17:42.202 2009] [ 7912] rotating indices (seamless=1)
[Thu Jan 15 09:17:43.401 2009] [ 7912] rotating index 'word_delta': success
[Thu Jan 15 09:17:43.401 2009] [ 7912] rotating finished
[Sat Jan 17 20:25:05.735 2009] [31757] accepting connections
[Tue Jan 27 09:44:52.987 2009] [10920] accepting connections
[Tue Jan 27 09:48:02.064 2009] [10920] rotating indices (seamless=1)
[Tue Jan 27 09:48:03.087 2009] [10920] rotating index 'word_delta': success
[Tue Jan 27 09:48:03.087 2009] [10920] rotating finished
[Sat Feb 14 01:08:54.380 2009] [14727] accepting connections
[Sat Feb 14 01:11:14.464 2009] [14727] caught SIGTERM, shutting down
[Sat Feb 14 01:11:14.464 2009] [14727] shutdown complete
[Sat Feb 14 01:11:54.938 2009] [14818] accepting connections
