This file contains any messages produced by compilers while
running configure, to aid debugging if configure makes a mistake.

It was created by sphinx configure 0.9.8, which was
generated by GNU Autoconf 2.59.  Invocation command line was

  $ ./configure 

## --------- ##
## Platform. ##
## --------- ##

hostname = linuxbox
uname -m = i686
uname -r = 2.6.24-21-generic
uname -s = Linux
uname -v = #1 SMP Tue Oct 21 23:43:45 UTC 2008

/usr/bin/uname -p = unknown
/bin/uname -X     = unknown

/bin/arch              = unknown
/usr/bin/arch -k       = unknown
/usr/convex/getsysinfo = unknown
hostinfo               = unknown
/bin/machine           = unknown
/usr/bin/oslevel       = unknown
/bin/universe          = unknown

PATH: /usr/local/sbin
PATH: /usr/local/bin
PATH: /usr/sbin
PATH: /usr/bin
PATH: /sbin
PATH: /bin
PATH: /usr/games


## ----------- ##
## Core tests. ##
## ----------- ##

configure:1344: result: 
configure:1346: result: checking build environment
configure:1349: result: --------------------------
configure:1351: result: 
configure:1394: checking for a BSD-compatible install
configure:1449: result: /usr/bin/install -c
configure:1460: checking whether build environment is sane
configure:1503: result: yes
configure:1568: checking for gawk
configure:1597: result: no
configure:1568: checking for mawk
configure:1584: found /usr/bin/mawk
configure:1594: result: mawk
configure:1604: checking whether make sets $(MAKE)
configure:1624: result: yes
configure:1792: checking whether to enable maintainer-specific portions of Makefiles
configure:1801: result: no
configure:1826: result: 
configure:1828: result: checking for compiler programs
configure:1831: result: ------------------------------
configure:1833: result: 
configure:1847: checking whether to compile debug version
configure:1857: result: no
configure:1919: checking for gcc
configure:1935: found /usr/bin/gcc
configure:1945: result: gcc
configure:2189: checking for C compiler version
configure:2192: gcc --version </dev/null >&5
gcc (GCC) 4.2.4 (Ubuntu 4.2.4-1ubuntu3)
Copyright (C) 2007 Free Software Foundation, Inc.
This is free software; see the source for copying conditions.  There is NO
warranty; not even for MERCHANTABILITY or FITNESS FOR A PARTICULAR PURPOSE.

configure:2195: $? = 0
configure:2197: gcc -v </dev/null >&5
Using built-in specs.
Target: i486-linux-gnu
Configured with: ../src/configure -v --enable-languages=c,c++,fortran,objc,obj-c++,treelang --prefix=/usr --enable-shared --with-system-zlib --libexecdir=/usr/lib --without-included-gettext --enable-threads=posix --enable-nls --with-gxx-include-dir=/usr/include/c++/4.2 --program-suffix=-4.2 --enable-clocale=gnu --enable-libstdcxx-debug --enable-objc-gc --enable-mpfr --enable-targets=all --enable-checking=release --build=i486-linux-gnu --host=i486-linux-gnu --target=i486-linux-gnu
Thread model: posix
gcc version 4.2.4 (Ubuntu 4.2.4-1ubuntu3)
configure:2200: $? = 0
configure:2202: gcc -V </dev/null >&5
gcc: '-V' option must have argument
configure:2205: $? = 1
configure:2228: checking for C compiler default output file name
configure:2231: gcc -Wall -g -D_FILE_OFFSET_BITS=64 -O3 -DNDEBUG  -I/usr/local/include  conftest.c  -L/usr/local/lib >&5
configure:2234: $? = 0
configure:2280: result: a.out
configure:2285: checking whether the C compiler works
configure:2291: ./a.out
configure:2294: $? = 0
configure:2311: result: yes
configure:2318: checking whether we are cross compiling
configure:2320: result: no
configure:2323: checking for suffix of executables
configure:2325: gcc -o conftest -Wall -g -D_FILE_OFFSET_BITS=64 -O3 -DNDEBUG  -I/usr/local/include  conftest.c  -L/usr/local/lib >&5
configure:2328: $? = 0
configure:2353: result: 
configure:2359: checking for suffix of object files
configure:2380: gcc -c -Wall -g -D_FILE_OFFSET_BITS=64 -O3 -DNDEBUG  -I/usr/local/include conftest.c >&5
configure:2383: $? = 0
configure:2405: result: o
configure:2409: checking whether we are using the GNU C compiler
configure:2433: gcc -c -Wall -g -D_FILE_OFFSET_BITS=64 -O3 -DNDEBUG  -I/usr/local/include conftest.c >&5
configure:2439: $? = 0
configure:2443: test -z 
			 || test ! -s conftest.err
configure:2446: $? = 0
configure:2449: test -s conftest.o
configure:2452: $? = 0
configure:2465: result: yes
configure:2471: checking whether gcc accepts -g
configure:2492: gcc -c -g  -I/usr/local/include conftest.c >&5
configure:2498: $? = 0
configure:2502: test -z 
			 || test ! -s conftest.err
configure:2505: $? = 0
configure:2508: test -s conftest.o
configure:2511: $? = 0
configure:2522: result: yes
configure:2539: checking for gcc option to accept ANSI C
configure:2609: gcc  -c -Wall -g -D_FILE_OFFSET_BITS=64 -O3 -DNDEBUG  -I/usr/local/include conftest.c >&5
configure:2615: $? = 0
configure:2619: test -z 
			 || test ! -s conftest.err
configure:2622: $? = 0
configure:2625: test -s conftest.o
configure:2628: $? = 0
configure:2646: result: none needed
configure:2664: gcc -c -Wall -g -D_FILE_OFFSET_BITS=64 -O3 -DNDEBUG  -I/usr/local/include conftest.c >&5
conftest.c:2: error: expected '=', ',', ';', 'asm' or '__attribute__' before 'me'
configure:2670: $? = 1
configure: failed program was:
| #ifndef __cplusplus
|   choke me
| #endif
configure:2814: checking for style of include used by make
configure:2842: result: GNU
configure:2870: checking dependency style of gcc
configure:2960: result: gcc3
configure:3029: checking for g++
configure:3045: found /usr/bin/g++
configure:3055: result: g++
configure:3071: checking for C++ compiler version
configure:3074: g++ --version </dev/null >&5
g++ (GCC) 4.2.4 (Ubuntu 4.2.4-1ubuntu3)
Copyright (C) 2007 Free Software Foundation, Inc.
This is free software; see the source for copying conditions.  There is NO
warranty; not even for MERCHANTABILITY or FITNESS FOR A PARTICULAR PURPOSE.

configure:3077: $? = 0
configure:3079: g++ -v </dev/null >&5
Using built-in specs.
Target: i486-linux-gnu
Configured with: ../src/configure -v --enable-languages=c,c++,fortran,objc,obj-c++,treelang --prefix=/usr --enable-shared --with-system-zlib --libexecdir=/usr/lib --without-included-gettext --enable-threads=posix --enable-nls --with-gxx-include-dir=/usr/include/c++/4.2 --program-suffix=-4.2 --enable-clocale=gnu --enable-libstdcxx-debug --enable-objc-gc --enable-mpfr --enable-targets=all --enable-checking=release --build=i486-linux-gnu --host=i486-linux-gnu --target=i486-linux-gnu
Thread model: posix
gcc version 4.2.4 (Ubuntu 4.2.4-1ubuntu3)
configure:3082: $? = 0
configure:3084: g++ -V </dev/null >&5
g++: '-V' option must have argument
configure:3087: $? = 1
configure:3090: checking whether we are using the GNU C++ compiler
configure:3114: g++ -c -Wall -g -D_FILE_OFFSET_BITS=64 -O3 -DNDEBUG  -I/usr/local/include conftest.cc >&5
configure:3120: $? = 0
configure:3124: test -z 
			 || test ! -s conftest.err
configure:3127: $? = 0
configure:3130: test -s conftest.o
configure:3133: $? = 0
configure:3146: result: yes
configure:3152: checking whether g++ accepts -g
configure:3173: g++ -c -g  -I/usr/local/include conftest.cc >&5
configure:3179: $? = 0
configure:3183: test -z 
			 || test ! -s conftest.err
configure:3186: $? = 0
configure:3189: test -s conftest.o
configure:3192: $? = 0
configure:3203: result: yes
configure:3245: g++ -c -Wall -g -D_FILE_OFFSET_BITS=64 -O3 -DNDEBUG  -I/usr/local/include conftest.cc >&5
configure:3251: $? = 0
configure:3255: test -z 
			 || test ! -s conftest.err
configure:3258: $? = 0
configure:3261: test -s conftest.o
configure:3264: $? = 0
configure:3290: g++ -c -Wall -g -D_FILE_OFFSET_BITS=64 -O3 -DNDEBUG  -I/usr/local/include conftest.cc >&5
conftest.cc: In function 'int main()':
conftest.cc:15: error: 'exit' was not declared in this scope
configure:3296: $? = 1
configure: failed program was:
| /* confdefs.h.  */
| 
| #define PACKAGE_NAME "sphinx"
| #define PACKAGE_TARNAME "sphinx"
| #define PACKAGE_VERSION "0.9.8"
| #define PACKAGE_STRING "sphinx 0.9.8"
| #define PACKAGE_BUGREPORT "shodan(at)shodan.ru"
| #define PACKAGE "sphinx"
| #define VERSION "0.9.8"
| /* end confdefs.h.  */
| 
| int
| main ()
| {
| exit (42);
|   ;
|   return 0;
| }
configure:3245: g++ -c -Wall -g -D_FILE_OFFSET_BITS=64 -O3 -DNDEBUG  -I/usr/local/include conftest.cc >&5
conftest.cc:11: error: 'void std::exit(int)' should have been declared inside 'std'
configure:3251: $? = 1
configure: failed program was:
| /* confdefs.h.  */
| 
| #define PACKAGE_NAME "sphinx"
| #define PACKAGE_TARNAME "sphinx"
| #define PACKAGE_VERSION "0.9.8"
| #define PACKAGE_STRING "sphinx 0.9.8"
| #define PACKAGE_BUGREPORT "shodan(at)shodan.ru"
| #define PACKAGE "sphinx"
| #define VERSION "0.9.8"
| /* end confdefs.h.  */
| extern "C" void std::exit (int) throw (); using std::exit;
| #include <stdlib.h>
| int
| main ()
| {
| exit (42);
|   ;
|   return 0;
| }
configure:3245: g++ -c -Wall -g -D_FILE_OFFSET_BITS=64 -O3 -DNDEBUG  -I/usr/local/include conftest.cc >&5
conftest.cc:11: error: 'void std::exit(int)' should have been declared inside 'std'
In file included from conftest.cc:12:
/usr/include/stdlib.h:531: error: declaration of 'void std::exit(int) throw ()' throws different exceptions
conftest.cc:11: error: from previous declaration 'void std::exit(int)'
configure:3251: $? = 1
configure: failed program was:
| /* confdefs.h.  */
| 
| #define PACKAGE_NAME "sphinx"
| #define PACKAGE_TARNAME "sphinx"
| #define PACKAGE_VERSION "0.9.8"
| #define PACKAGE_STRING "sphinx 0.9.8"
| #define PACKAGE_BUGREPORT "shodan(at)shodan.ru"
| #define PACKAGE "sphinx"
| #define VERSION "0.9.8"
| /* end confdefs.h.  */
| extern "C" void std::exit (int); using std::exit;
| #include <stdlib.h>
| int
| main ()
| {
| exit (42);
|   ;
|   return 0;
| }
configure:3245: g++ -c -Wall -g -D_FILE_OFFSET_BITS=64 -O3 -DNDEBUG  -I/usr/local/include conftest.cc >&5
configure:3251: $? = 0
configure:3255: test -z 
			 || test ! -s conftest.err
configure:3258: $? = 0
configure:3261: test -s conftest.o
configure:3264: $? = 0
configure:3290: g++ -c -Wall -g -D_FILE_OFFSET_BITS=64 -O3 -DNDEBUG  -I/usr/local/include conftest.cc >&5
configure:3296: $? = 0
configure:3300: test -z 
			 || test ! -s conftest.err
configure:3303: $? = 0
configure:3306: test -s conftest.o
configure:3309: $? = 0
configure:3334: checking dependency style of g++
configure:3424: result: gcc3
configure:3482: checking for ranlib
configure:3498: found /usr/bin/ranlib
configure:3509: result: ranlib
configure:3524: result: 
configure:3526: result: checking for header files
configure:3529: result: -------------------------
configure:3531: result: 
configure:3542: checking how to run the C preprocessor
configure:3577: gcc -E  -I/usr/local/include conftest.c
configure:3583: $? = 0
configure:3615: gcc -E  -I/usr/local/include conftest.c
conftest.c:14:28: error: ac_nonexistent.h: No such file or directory
configure:3621: $? = 1
configure: failed program was:
| /* confdefs.h.  */
| 
| #define PACKAGE_NAME "sphinx"
| #define PACKAGE_TARNAME "sphinx"
| #define PACKAGE_VERSION "0.9.8"
| #define PACKAGE_STRING "sphinx 0.9.8"
| #define PACKAGE_BUGREPORT "shodan(at)shodan.ru"
| #define PACKAGE "sphinx"
| #define VERSION "0.9.8"
| #ifdef __cplusplus
| extern "C" void exit (int) throw ();
| #endif
| /* end confdefs.h.  */
| #include <ac_nonexistent.h>
configure:3660: result: gcc -E
configure:3684: gcc -E  -I/usr/local/include conftest.c
configure:3690: $? = 0
configure:3722: gcc -E  -I/usr/local/include conftest.c
conftest.c:14:28: error: ac_nonexistent.h: No such file or directory
configure:3728: $? = 1
configure: failed program was:
| /* confdefs.h.  */
| 
| #define PACKAGE_NAME "sphinx"
| #define PACKAGE_TARNAME "sphinx"
| #define PACKAGE_VERSION "0.9.8"
| #define PACKAGE_STRING "sphinx 0.9.8"
| #define PACKAGE_BUGREPORT "shodan(at)shodan.ru"
| #define PACKAGE "sphinx"
| #define VERSION "0.9.8"
| #ifdef __cplusplus
| extern "C" void exit (int) throw ();
| #endif
| /* end confdefs.h.  */
| #include <ac_nonexistent.h>
configure:3772: checking for egrep
configure:3782: result: grep -E
configure:3787: checking for ANSI C header files
configure:3812: gcc -c -Wall -g -D_FILE_OFFSET_BITS=64 -O3 -DNDEBUG  -I/usr/local/include conftest.c >&5
configure:3818: $? = 0
configure:3822: test -z 
			 || test ! -s conftest.err
configure:3825: $? = 0
configure:3828: test -s conftest.o
configure:3831: $? = 0
configure:3920: gcc -o conftest -Wall -g -D_FILE_OFFSET_BITS=64 -O3 -DNDEBUG  -I/usr/local/include  conftest.c  -L/usr/local/lib >&5
conftest.c: In function 'main':
conftest.c:31: warning: implicit declaration of function 'exit'
conftest.c:31: warning: incompatible implicit declaration of built-in function 'exit'
configure:3923: $? = 0
configure:3925: ./conftest
configure:3928: $? = 0
configure:3943: result: yes
configure:3953: checking for sys/wait.h that is POSIX.1 compatible
configure:3984: gcc -c -Wall -g -D_FILE_OFFSET_BITS=64 -O3 -DNDEBUG  -I/usr/local/include conftest.c >&5
configure:3990: $? = 0
configure:3994: test -z 
			 || test ! -s conftest.err
configure:3997: $? = 0
configure:4000: test -s conftest.o
configure:4003: $? = 0
configure:4014: result: yes
configure:4038: checking for sys/types.h
configure:4054: gcc -c -Wall -g -D_FILE_OFFSET_BITS=64 -O3 -DNDEBUG  -I/usr/local/include conftest.c >&5
configure:4060: $? = 0
configure:4064: test -z 
			 || test ! -s conftest.err
configure:4067: $? = 0
configure:4070: test -s conftest.o
configure:4073: $? = 0
configure:4084: result: yes
configure:4038: checking for sys/stat.h
configure:4054: gcc -c -Wall -g -D_FILE_OFFSET_BITS=64 -O3 -DNDEBUG  -I/usr/local/include conftest.c >&5
configure:4060: $? = 0
configure:4064: test -z 
			 || test ! -s conftest.err
configure:4067: $? = 0
configure:4070: test -s conftest.o
configure:4073: $? = 0
configure:4084: result: yes
configure:4038: checking for stdlib.h
configure:4054: gcc -c -Wall -g -D_FILE_OFFSET_BITS=64 -O3 -DNDEBUG  -I/usr/local/include conftest.c >&5
configure:4060: $? = 0
configure:4064: test -z 
			 || test ! -s conftest.err
configure:4067: $? = 0
configure:4070: test -s conftest.o
configure:4073: $? = 0
configure:4084: result: yes
configure:4038: checking for string.h
configure:4054: gcc -c -Wall -g -D_FILE_OFFSET_BITS=64 -O3 -DNDEBUG  -I/usr/local/include conftest.c >&5
configure:4060: $? = 0
configure:4064: test -z 
			 || test ! -s conftest.err
configure:4067: $? = 0
configure:4070: test -s conftest.o
configure:4073: $? = 0
configure:4084: result: yes
configure:4038: checking for memory.h
configure:4054: gcc -c -Wall -g -D_FILE_OFFSET_BITS=64 -O3 -DNDEBUG  -I/usr/local/include conftest.c >&5
configure:4060: $? = 0
configure:4064: test -z 
			 || test ! -s conftest.err
configure:4067: $? = 0
configure:4070: test -s conftest.o
configure:4073: $? = 0
configure:4084: result: yes
configure:4038: checking for strings.h
configure:4054: gcc -c -Wall -g -D_FILE_OFFSET_BITS=64 -O3 -DNDEBUG  -I/usr/local/include conftest.c >&5
configure:4060: $? = 0
configure:4064: test -z 
			 || test ! -s conftest.err
configure:4067: $? = 0
configure:4070: test -s conftest.o
configure:4073: $? = 0
configure:4084: result: yes
configure:4038: checking for inttypes.h
configure:4054: gcc -c -Wall -g -D_FILE_OFFSET_BITS=64 -O3 -DNDEBUG  -I/usr/local/include conftest.c >&5
configure:4060: $? = 0
configure:4064: test -z 
			 || test ! -s conftest.err
configure:4067: $? = 0
configure:4070: test -s conftest.o
configure:4073: $? = 0
configure:4084: result: yes
configure:4038: checking for stdint.h
configure:4054: gcc -c -Wall -g -D_FILE_OFFSET_BITS=64 -O3 -DNDEBUG  -I/usr/local/include conftest.c >&5
configure:4060: $? = 0
configure:4064: test -z 
			 || test ! -s conftest.err
configure:4067: $? = 0
configure:4070: test -s conftest.o
configure:4073: $? = 0
configure:4084: result: yes
configure:4038: checking for unistd.h
configure:4054: gcc -c -Wall -g -D_FILE_OFFSET_BITS=64 -O3 -DNDEBUG  -I/usr/local/include conftest.c >&5
configure:4060: $? = 0
configure:4064: test -z 
			 || test ! -s conftest.err
configure:4067: $? = 0
configure:4070: test -s conftest.o
configure:4073: $? = 0
configure:4084: result: yes
configure:4119: checking fcntl.h usability
configure:4131: gcc -c -Wall -g -D_FILE_OFFSET_BITS=64 -O3 -DNDEBUG  -I/usr/local/include conftest.c >&5
configure:4137: $? = 0
configure:4141: test -z 
			 || test ! -s conftest.err
configure:4144: $? = 0
configure:4147: test -s conftest.o
configure:4150: $? = 0
configure:4160: result: yes
configure:4164: checking fcntl.h presence
configure:4174: gcc -E  -I/usr/local/include conftest.c
configure:4180: $? = 0
configure:4200: result: yes
configure:4235: checking for fcntl.h
configure:4242: result: yes
configure:4119: checking limits.h usability
configure:4131: gcc -c -Wall -g -D_FILE_OFFSET_BITS=64 -O3 -DNDEBUG  -I/usr/local/include conftest.c >&5
configure:4137: $? = 0
configure:4141: test -z 
			 || test ! -s conftest.err
configure:4144: $? = 0
configure:4147: test -s conftest.o
configure:4150: $? = 0
configure:4160: result: yes
configure:4164: checking limits.h presence
configure:4174: gcc -E  -I/usr/local/include conftest.c
configure:4180: $? = 0
configure:4200: result: yes
configure:4235: checking for limits.h
configure:4242: result: yes
configure:4119: checking netdb.h usability
configure:4131: gcc -c -Wall -g -D_FILE_OFFSET_BITS=64 -O3 -DNDEBUG  -I/usr/local/include conftest.c >&5
configure:4137: $? = 0
configure:4141: test -z 
			 || test ! -s conftest.err
configure:4144: $? = 0
configure:4147: test -s conftest.o
configure:4150: $? = 0
configure:4160: result: yes
configure:4164: checking netdb.h presence
configure:4174: gcc -E  -I/usr/local/include conftest.c
configure:4180: $? = 0
configure:4200: result: yes
configure:4235: checking for netdb.h
configure:4242: result: yes
configure:4119: checking netinet/in.h usability
configure:4131: gcc -c -Wall -g -D_FILE_OFFSET_BITS=64 -O3 -DNDEBUG  -I/usr/local/include conftest.c >&5
configure:4137: $? = 0
configure:4141: test -z 
			 || test ! -s conftest.err
configure:4144: $? = 0
configure:4147: test -s conftest.o
configure:4150: $? = 0
configure:4160: result: yes
configure:4164: checking netinet/in.h presence
configure:4174: gcc -E  -I/usr/local/include conftest.c
configure:4180: $? = 0
configure:4200: result: yes
configure:4235: checking for netinet/in.h
configure:4242: result: yes
configure:4110: checking for stdlib.h
configure:4115: result: yes
configure:4110: checking for string.h
configure:4115: result: yes
configure:4119: checking sys/file.h usability
configure:4131: gcc -c -Wall -g -D_FILE_OFFSET_BITS=64 -O3 -DNDEBUG  -I/usr/local/include conftest.c >&5
configure:4137: $? = 0
configure:4141: test -z 
			 || test ! -s conftest.err
configure:4144: $? = 0
configure:4147: test -s conftest.o
configure:4150: $? = 0
configure:4160: result: yes
configure:4164: checking sys/file.h presence
configure:4174: gcc -E  -I/usr/local/include conftest.c
configure:4180: $? = 0
configure:4200: result: yes
configure:4235: checking for sys/file.h
configure:4242: result: yes
configure:4119: checking sys/socket.h usability
configure:4131: gcc -c -Wall -g -D_FILE_OFFSET_BITS=64 -O3 -DNDEBUG  -I/usr/local/include conftest.c >&5
configure:4137: $? = 0
configure:4141: test -z 
			 || test ! -s conftest.err
configure:4144: $? = 0
configure:4147: test -s conftest.o
configure:4150: $? = 0
configure:4160: result: yes
configure:4164: checking sys/socket.h presence
configure:4174: gcc -E  -I/usr/local/include conftest.c
configure:4180: $? = 0
configure:4200: result: yes
configure:4235: checking for sys/socket.h
configure:4242: result: yes
configure:4119: checking sys/time.h usability
configure:4131: gcc -c -Wall -g -D_FILE_OFFSET_BITS=64 -O3 -DNDEBUG  -I/usr/local/include conftest.c >&5
configure:4137: $? = 0
configure:4141: test -z 
			 || test ! -s conftest.err
configure:4144: $? = 0
configure:4147: test -s conftest.o
configure:4150: $? = 0
configure:4160: result: yes
configure:4164: checking sys/time.h presence
configure:4174: gcc -E  -I/usr/local/include conftest.c
configure:4180: $? = 0
configure:4200: result: yes
configure:4235: checking for sys/time.h
configure:4242: result: yes
configure:4110: checking for unistd.h
configure:4115: result: yes
configure:4265: checking expat.h usability
configure:4277: gcc -c -Wall -g -D_FILE_OFFSET_BITS=64 -O3 -DNDEBUG  -I/usr/local/include conftest.c >&5
conftest.c:69:19: error: expat.h: No such file or directory
configure:4283: $? = 1
configure: failed program was:
| /* confdefs.h.  */
| 
| #define PACKAGE_NAME "sphinx"
| #define PACKAGE_TARNAME "sphinx"
| #define PACKAGE_VERSION "0.9.8"
| #define PACKAGE_STRING "sphinx 0.9.8"
| #define PACKAGE_BUGREPORT "shodan(at)shodan.ru"
| #define PACKAGE "sphinx"
| #define VERSION "0.9.8"
| #ifdef __cplusplus
| extern "C" void exit (int) throw ();
| #endif
| #define STDC_HEADERS 1
| #define HAVE_SYS_WAIT_H 1
| #define HAVE_SYS_TYPES_H 1
| #define HAVE_SYS_STAT_H 1
| #define HAVE_STDLIB_H 1
| #define HAVE_STRING_H 1
| #define HAVE_MEMORY_H 1
| #define HAVE_STRINGS_H 1
| #define HAVE_INTTYPES_H 1
| #define HAVE_STDINT_H 1
| #define HAVE_UNISTD_H 1
| #define HAVE_FCNTL_H 1
| #define HAVE_LIMITS_H 1
| #define HAVE_NETDB_H 1
| #define HAVE_NETINET_IN_H 1
| #define HAVE_STDLIB_H 1
| #define HAVE_STRING_H 1
| #define HAVE_SYS_FILE_H 1
| #define HAVE_SYS_SOCKET_H 1
| #define HAVE_SYS_TIME_H 1
| #define HAVE_UNISTD_H 1
| /* end confdefs.h.  */
| #include <stdio.h>
| #if HAVE_SYS_TYPES_H
| # include <sys/types.h>
| #endif
| #if HAVE_SYS_STAT_H
| # include <sys/stat.h>
| #endif
| #if STDC_HEADERS
| # include <stdlib.h>
| # include <stddef.h>
| #else
| # if HAVE_STDLIB_H
| #  include <stdlib.h>
| # endif
| #endif
| #if HAVE_STRING_H
| # if !STDC_HEADERS && HAVE_MEMORY_H
| #  include <memory.h>
| # endif
| # include <string.h>
| #endif
| #if HAVE_STRINGS_H
| # include <strings.h>
| #endif
| #if HAVE_INTTYPES_H
| # include <inttypes.h>
| #else
| # if HAVE_STDINT_H
| #  include <stdint.h>
| # endif
| #endif
| #if HAVE_UNISTD_H
| # include <unistd.h>
| #endif
| #include <expat.h>
configure:4306: result: no
configure:4310: checking expat.h presence
configure:4320: gcc -E  -I/usr/local/include conftest.c
conftest.c:35:19: error: expat.h: No such file or directory
configure:4326: $? = 1
configure: failed program was:
| /* confdefs.h.  */
| 
| #define PACKAGE_NAME "sphinx"
| #define PACKAGE_TARNAME "sphinx"
| #define PACKAGE_VERSION "0.9.8"
| #define PACKAGE_STRING "sphinx 0.9.8"
| #define PACKAGE_BUGREPORT "shodan(at)shodan.ru"
| #define PACKAGE "sphinx"
| #define VERSION "0.9.8"
| #ifdef __cplusplus
| extern "C" void exit (int) throw ();
| #endif
| #define STDC_HEADERS 1
| #define HAVE_SYS_WAIT_H 1
| #define HAVE_SYS_TYPES_H 1
| #define HAVE_SYS_STAT_H 1
| #define HAVE_STDLIB_H 1
| #define HAVE_STRING_H 1
| #define HAVE_MEMORY_H 1
| #define HAVE_STRINGS_H 1
| #define HAVE_INTTYPES_H 1
| #define HAVE_STDINT_H 1
| #define HAVE_UNISTD_H 1
| #define HAVE_FCNTL_H 1
| #define HAVE_LIMITS_H 1
| #define HAVE_NETDB_H 1
| #define HAVE_NETINET_IN_H 1
| #define HAVE_STDLIB_H 1
| #define HAVE_STRING_H 1
| #define HAVE_SYS_FILE_H 1
| #define HAVE_SYS_SOCKET_H 1
| #define HAVE_SYS_TIME_H 1
| #define HAVE_UNISTD_H 1
| /* end confdefs.h.  */
| #include <expat.h>
configure:4346: result: no
configure:4381: checking for expat.h
configure:4388: result: no
configure:4409: checking iconv.h usability
configure:4421: gcc -c -Wall -g -D_FILE_OFFSET_BITS=64 -O3 -DNDEBUG  -I/usr/local/include conftest.c >&5
configure:4427: $? = 0
configure:4431: test -z 
			 || test ! -s conftest.err
configure:4434: $? = 0
configure:4437: test -s conftest.o
configure:4440: $? = 0
configure:4450: result: yes
configure:4454: checking iconv.h presence
configure:4464: gcc -E  -I/usr/local/include conftest.c
configure:4470: $? = 0
configure:4490: result: yes
configure:4525: checking for iconv.h
configure:4532: result: yes
configure:4546: result: 
configure:4548: result: checking for types
configure:4551: result: ------------------
configure:4553: result: 
configure:4558: checking for stdbool.h that conforms to C99
configure:4611: gcc -c -Wall -g -D_FILE_OFFSET_BITS=64 -O3 -DNDEBUG  -I/usr/local/include conftest.c >&5
conftest.c:62: warning: the address of 's' will always evaluate as 'true'
conftest.c: In function 'main':
conftest.c:71: warning: the address of 'a' will always evaluate as 'true'
conftest.c:71: warning: the address of 'b' will always evaluate as 'true'
conftest.c:71: warning: the address of 'c' will always evaluate as 'true'
conftest.c:71: warning: the address of 'd' will always evaluate as 'true'
conftest.c:71: warning: the address of 'f' will always evaluate as 'true'
conftest.c:71: warning: the address of 'g' will always evaluate as 'true'
conftest.c:71: warning: the address of 'h' will always evaluate as 'true'
conftest.c:71: warning: the address of 'i' will always evaluate as 'true'
configure:4617: $? = 0
configure:4621: test -z 
			 || test ! -s conftest.err
configure:4624: $? = 0
configure:4627: test -s conftest.o
configure:4630: $? = 0
configure:4641: result: yes
configure:4643: checking for _Bool
configure:4667: gcc -c -Wall -g -D_FILE_OFFSET_BITS=64 -O3 -DNDEBUG  -I/usr/local/include conftest.c >&5
configure:4673: $? = 0
configure:4677: test -z 
			 || test ! -s conftest.err
configure:4680: $? = 0
configure:4683: test -s conftest.o
configure:4686: $? = 0
configure:4697: result: yes
configure:4716: checking for an ANSI C-conforming const
configure:4783: gcc -c -Wall -g -D_FILE_OFFSET_BITS=64 -O3 -DNDEBUG  -I/usr/local/include conftest.c >&5
conftest.c: In function 'main':
conftest.c:64: warning: unused variable 's'
conftest.c:84: warning: unused variable 'foo'
conftest.c:51: warning: unused variable 'zero'
conftest.c:45: warning: unused variable 'x'
conftest.c:66: warning: 't' is used uninitialized in this function
conftest.c:81: warning: 'b' is used uninitialized in this function
configure:4789: $? = 0
configure:4793: test -z 
			 || test ! -s conftest.err
configure:4796: $? = 0
configure:4799: test -s conftest.o
configure:4802: $? = 0
configure:4813: result: yes
configure:4823: checking for inline
configure:4844: gcc -c -Wall -g -D_FILE_OFFSET_BITS=64 -O3 -DNDEBUG  -I/usr/local/include conftest.c >&5
configure:4850: $? = 0
configure:4854: test -z 
			 || test ! -s conftest.err
configure:4857: $? = 0
configure:4860: test -s conftest.o
configure:4863: $? = 0
configure:4875: result: inline
configure:4894: checking for off_t
configure:4918: gcc -c -Wall -g -D_FILE_OFFSET_BITS=64 -O3 -DNDEBUG  -I/usr/local/include conftest.c >&5
configure:4924: $? = 0
configure:4928: test -z 
			 || test ! -s conftest.err
configure:4931: $? = 0
configure:4934: test -s conftest.o
configure:4937: $? = 0
configure:4948: result: yes
configure:4960: checking for size_t
configure:4984: gcc -c -Wall -g -D_FILE_OFFSET_BITS=64 -O3 -DNDEBUG  -I/usr/local/include conftest.c >&5
configure:4990: $? = 0
configure:4994: test -z 
			 || test ! -s conftest.err
configure:4997: $? = 0
configure:5000: test -s conftest.o
configure:5003: $? = 0
configure:5014: result: yes
configure:5026: checking whether time.h and sys/time.h may both be included
configure:5051: gcc -c -Wall -g -D_FILE_OFFSET_BITS=64 -O3 -DNDEBUG  -I/usr/local/include conftest.c >&5
configure:5057: $? = 0
configure:5061: test -z 
			 || test ! -s conftest.err
configure:5064: $? = 0
configure:5067: test -s conftest.o
configure:5070: $? = 0
configure:5081: result: yes
configure:5094: result: 
configure:5096: result: checking for library functions
configure:5099: result: ------------------------------
configure:5101: result: 
configure:5106: checking for pid_t
configure:5130: gcc -c -Wall -g -D_FILE_OFFSET_BITS=64 -O3 -DNDEBUG  -I/usr/local/include conftest.c >&5
configure:5136: $? = 0
configure:5140: test -z 
			 || test ! -s conftest.err
configure:5143: $? = 0
configure:5146: test -s conftest.o
configure:5149: $? = 0
configure:5160: result: yes
configure:5178: checking for unistd.h
configure:5183: result: yes
configure:5187: checking vfork.h usability
configure:5199: gcc -c -Wall -g -D_FILE_OFFSET_BITS=64 -O3 -DNDEBUG  -I/usr/local/include conftest.c >&5
conftest.c:73:19: error: vfork.h: No such file or directory
configure:5205: $? = 1
configure: failed program was:
| /* confdefs.h.  */
| 
| #define PACKAGE_NAME "sphinx"
| #define PACKAGE_TARNAME "sphinx"
| #define PACKAGE_VERSION "0.9.8"
| #define PACKAGE_STRING "sphinx 0.9.8"
| #define PACKAGE_BUGREPORT "shodan(at)shodan.ru"
| #define PACKAGE "sphinx"
| #define VERSION "0.9.8"
| #ifdef __cplusplus
| extern "C" void exit (int) throw ();
| #endif
| #define STDC_HEADERS 1
| #define HAVE_SYS_WAIT_H 1
| #define HAVE_SYS_TYPES_H 1
| #define HAVE_SYS_STAT_H 1
| #define HAVE_STDLIB_H 1
| #define HAVE_STRING_H 1
| #define HAVE_MEMORY_H 1
| #define HAVE_STRINGS_H 1
| #define HAVE_INTTYPES_H 1
| #define HAVE_STDINT_H 1
| #define HAVE_UNISTD_H 1
| #define HAVE_FCNTL_H 1
| #define HAVE_LIMITS_H 1
| #define HAVE_NETDB_H 1
| #define HAVE_NETINET_IN_H 1
| #define HAVE_STDLIB_H 1
| #define HAVE_STRING_H 1
| #define HAVE_SYS_FILE_H 1
| #define HAVE_SYS_SOCKET_H 1
| #define HAVE_SYS_TIME_H 1
| #define HAVE_UNISTD_H 1
| #define HAVE__BOOL 1
| #define HAVE_STDBOOL_H 1
| #define TIME_WITH_SYS_TIME 1
| #define HAVE_UNISTD_H 1
| /* end confdefs.h.  */
| #include <stdio.h>
| #if HAVE_SYS_TYPES_H
| # include <sys/types.h>
| #endif
| #if HAVE_SYS_STAT_H
| # include <sys/stat.h>
| #endif
| #if STDC_HEADERS
| # include <stdlib.h>
| # include <stddef.h>
| #else
| # if HAVE_STDLIB_H
| #  include <stdlib.h>
| # endif
| #endif
| #if HAVE_STRING_H
| # if !STDC_HEADERS && HAVE_MEMORY_H
| #  include <memory.h>
| # endif
| # include <string.h>
| #endif
| #if HAVE_STRINGS_H
| # include <strings.h>
| #endif
| #if HAVE_INTTYPES_H
| # include <inttypes.h>
| #else
| # if HAVE_STDINT_H
| #  include <stdint.h>
| # endif
| #endif
| #if HAVE_UNISTD_H
| # include <unistd.h>
| #endif
| #include <vfork.h>
configure:5228: result: no
configure:5232: checking vfork.h presence
configure:5242: gcc -E  -I/usr/local/include conftest.c
conftest.c:39:19: error: vfork.h: No such file or directory
configure:5248: $? = 1
configure: failed program was:
| /* confdefs.h.  */
| 
| #define PACKAGE_NAME "sphinx"
| #define PACKAGE_TARNAME "sphinx"
| #define PACKAGE_VERSION "0.9.8"
| #define PACKAGE_STRING "sphinx 0.9.8"
| #define PACKAGE_BUGREPORT "shodan(at)shodan.ru"
| #define PACKAGE "sphinx"
| #define VERSION "0.9.8"
| #ifdef __cplusplus
| extern "C" void exit (int) throw ();
| #endif
| #define STDC_HEADERS 1
| #define HAVE_SYS_WAIT_H 1
| #define HAVE_SYS_TYPES_H 1
| #define HAVE_SYS_STAT_H 1
| #define HAVE_STDLIB_H 1
| #define HAVE_STRING_H 1
| #define HAVE_MEMORY_H 1
| #define HAVE_STRINGS_H 1
| #define HAVE_INTTYPES_H 1
| #define HAVE_STDINT_H 1
| #define HAVE_UNISTD_H 1
| #define HAVE_FCNTL_H 1
| #define HAVE_LIMITS_H 1
| #define HAVE_NETDB_H 1
| #define HAVE_NETINET_IN_H 1
| #define HAVE_STDLIB_H 1
| #define HAVE_STRING_H 1
| #define HAVE_SYS_FILE_H 1
| #define HAVE_SYS_SOCKET_H 1
| #define HAVE_SYS_TIME_H 1
| #define HAVE_UNISTD_H 1
| #define HAVE__BOOL 1
| #define HAVE_STDBOOL_H 1
| #define TIME_WITH_SYS_TIME 1
| #define HAVE_UNISTD_H 1
| /* end confdefs.h.  */
| #include <vfork.h>
configure:5268: result: no
configure:5303: checking for vfork.h
configure:5310: result: no
configure:5328: checking for fork
configure:5385: gcc -o conftest -Wall -g -D_FILE_OFFSET_BITS=64 -O3 -DNDEBUG  -I/usr/local/include  conftest.c  -L/usr/local/lib >&5
conftest.c:63: warning: conflicting types for built-in function 'fork'
configure:5391: $? = 0
configure:5395: test -z 
			 || test ! -s conftest.err
configure:5398: $? = 0
configure:5401: test -s conftest
configure:5404: $? = 0
configure:5416: result: yes
configure:5328: checking for vfork
configure:5385: gcc -o conftest -Wall -g -D_FILE_OFFSET_BITS=64 -O3 -DNDEBUG  -I/usr/local/include  conftest.c  -L/usr/local/lib >&5
configure:5391: $? = 0
configure:5395: test -z 
			 || test ! -s conftest.err
configure:5398: $? = 0
configure:5401: test -s conftest
configure:5404: $? = 0
configure:5416: result: yes
configure:5427: checking for working fork
configure:5450: gcc -o conftest -Wall -g -D_FILE_OFFSET_BITS=64 -O3 -DNDEBUG  -I/usr/local/include  conftest.c  -L/usr/local/lib >&5
conftest.c: In function 'main':
conftest.c:9: warning: implicit declaration of function 'fork'
conftest.c:10: warning: implicit declaration of function 'exit'
conftest.c:10: warning: incompatible implicit declaration of built-in function 'exit'
configure:5453: $? = 0
configure:5455: ./conftest
configure:5458: $? = 0
configure:5472: result: yes
configure:5493: checking for working vfork
configure:5626: result: yes
configure:5662: checking for stdlib.h
configure:5667: result: yes
configure:5807: checking for GNU libc compatible malloc
configure:5836: gcc -o conftest -Wall -g -D_FILE_OFFSET_BITS=64 -O3 -DNDEBUG  -I/usr/local/include  conftest.c  -L/usr/local/lib >&5
configure:5839: $? = 0
configure:5841: ./conftest
configure:5844: $? = 0
configure:5858: result: yes
configure:5893: checking for stdlib.h
configure:5898: result: yes
configure:6038: checking for GNU libc compatible realloc
configure:6067: gcc -o conftest -Wall -g -D_FILE_OFFSET_BITS=64 -O3 -DNDEBUG  -I/usr/local/include  conftest.c  -L/usr/local/lib >&5
configure:6070: $? = 0
configure:6072: ./conftest
configure:6075: $? = 0
configure:6089: result: yes
configure:6134: checking sys/select.h usability
configure:6146: gcc -c -Wall -g -D_FILE_OFFSET_BITS=64 -O3 -DNDEBUG  -I/usr/local/include conftest.c >&5
configure:6152: $? = 0
configure:6156: test -z 
			 || test ! -s conftest.err
configure:6159: $? = 0
configure:6162: test -s conftest.o
configure:6165: $? = 0
configure:6175: result: yes
configure:6179: checking sys/select.h presence
configure:6189: gcc -E  -I/usr/local/include conftest.c
configure:6195: $? = 0
configure:6215: result: yes
configure:6250: checking for sys/select.h
configure:6257: result: yes
configure:6125: checking for sys/socket.h
configure:6130: result: yes
configure:6270: checking types of arguments for select
configure:6303: gcc -c -Wall -g -D_FILE_OFFSET_BITS=64 -O3 -DNDEBUG  -I/usr/local/include conftest.c >&5
configure:6309: $? = 0
configure:6313: test -z 
			 || test ! -s conftest.err
configure:6316: $? = 0
configure:6319: test -s conftest.o
configure:6322: $? = 0
configure:6338: result: int,fd_set *,struct timeval *
configure:6361: checking return type of signal handlers
configure:6392: gcc -c -Wall -g -D_FILE_OFFSET_BITS=64 -O3 -DNDEBUG  -I/usr/local/include conftest.c >&5
conftest.c: In function 'main':
conftest.c:66: warning: unused variable 'i'
configure:6398: $? = 0
configure:6402: test -z 
			 || test ! -s conftest.err
configure:6405: $? = 0
configure:6408: test -s conftest.o
configure:6411: $? = 0
configure:6422: result: void
configure:6430: checking whether lstat dereferences a symlink specified with a trailing slash
configure:6461: gcc -o conftest -Wall -g -D_FILE_OFFSET_BITS=64 -O3 -DNDEBUG  -I/usr/local/include  conftest.c  -L/usr/local/lib >&5
configure:6464: $? = 0
configure:6466: ./conftest
configure:6469: $? = 0
configure:6490: result: yes
configure:6511: checking whether stat accepts an empty string
configure:6536: gcc -o conftest -Wall -g -D_FILE_OFFSET_BITS=64 -O3 -DNDEBUG  -I/usr/local/include  conftest.c  -L/usr/local/lib >&5
configure:6539: $? = 0
configure:6541: ./conftest
configure:6544: $? = 1
configure: program exited with status 1
configure: failed program was:
| /* confdefs.h.  */
| 
| #define PACKAGE_NAME "sphinx"
| #define PACKAGE_TARNAME "sphinx"
| #define PACKAGE_VERSION "0.9.8"
| #define PACKAGE_STRING "sphinx 0.9.8"
| #define PACKAGE_BUGREPORT "shodan(at)shodan.ru"
| #define PACKAGE "sphinx"
| #define VERSION "0.9.8"
| #ifdef __cplusplus
| extern "C" void exit (int) throw ();
| #endif
| #define STDC_HEADERS 1
| #define HAVE_SYS_WAIT_H 1
| #define HAVE_SYS_TYPES_H 1
| #define HAVE_SYS_STAT_H 1
| #define HAVE_STDLIB_H 1
| #define HAVE_STRING_H 1
| #define HAVE_MEMORY_H 1
| #define HAVE_STRINGS_H 1
| #define HAVE_INTTYPES_H 1
| #define HAVE_STDINT_H 1
| #define HAVE_UNISTD_H 1
| #define HAVE_FCNTL_H 1
| #define HAVE_LIMITS_H 1
| #define HAVE_NETDB_H 1
| #define HAVE_NETINET_IN_H 1
| #define HAVE_STDLIB_H 1
| #define HAVE_STRING_H 1
| #define HAVE_SYS_FILE_H 1
| #define HAVE_SYS_SOCKET_H 1
| #define HAVE_SYS_TIME_H 1
| #define HAVE_UNISTD_H 1
| #define HAVE__BOOL 1
| #define HAVE_STDBOOL_H 1
| #define TIME_WITH_SYS_TIME 1
| #define HAVE_UNISTD_H 1
| #define HAVE_FORK 1
| #define HAVE_VFORK 1
| #define HAVE_WORKING_VFORK 1
| #define HAVE_WORKING_FORK 1
| #define HAVE_STDLIB_H 1
| #define HAVE_MALLOC 1
| #define HAVE_STDLIB_H 1
| #define HAVE_REALLOC 1
| #define HAVE_SYS_SELECT_H 1
| #define HAVE_SYS_SOCKET_H 1
| #define SELECT_TYPE_ARG1 int
| #define SELECT_TYPE_ARG234 (fd_set *)
| #define SELECT_TYPE_ARG5 (struct timeval *)
| #define RETSIGTYPE void
| #define LSTAT_FOLLOWS_SLASHED_SYMLINK 1
| /* end confdefs.h.  */
| #include <stdio.h>
| #if HAVE_SYS_TYPES_H
| # include <sys/types.h>
| #endif
| #if HAVE_SYS_STAT_H
| # include <sys/stat.h>
| #endif
| #if STDC_HEADERS
| # include <stdlib.h>
| # include <stddef.h>
| #else
| # if HAVE_STDLIB_H
| #  include <stdlib.h>
| # endif
| #endif
| #if HAVE_STRING_H
| # if !STDC_HEADERS && HAVE_MEMORY_H
| #  include <memory.h>
| # endif
| # include <string.h>
| #endif
| #if HAVE_STRINGS_H
| # include <strings.h>
| #endif
| #if HAVE_INTTYPES_H
| # include <inttypes.h>
| #else
| # if HAVE_STDINT_H
| #  include <stdint.h>
| # endif
| #endif
| #if HAVE_UNISTD_H
| # include <unistd.h>
| #endif
| int
| main ()
| {
| struct stat sbuf;
|   exit (stat ("", &sbuf) ? 1 : 0);
|   ;
|   return 0;
| }
configure:6558: result: no
configure:6580: checking for vprintf
configure:6637: gcc -o conftest -Wall -g -D_FILE_OFFSET_BITS=64 -O3 -DNDEBUG  -I/usr/local/include  conftest.c  -L/usr/local/lib >&5
conftest.c:78: warning: conflicting types for built-in function 'vprintf'
configure:6643: $? = 0
configure:6647: test -z 
			 || test ! -s conftest.err
configure:6650: $? = 0
configure:6653: test -s conftest
configure:6656: $? = 0
configure:6668: result: yes
configure:6675: checking for _doprnt
configure:6732: gcc -o conftest -Wall -g -D_FILE_OFFSET_BITS=64 -O3 -DNDEBUG  -I/usr/local/include  conftest.c  -L/usr/local/lib >&5
/tmp/cck58e8R.o: In function `main':
/home/superman/Desktop/leximo/project1/sphinx-0.9.8.1/conftest.c:94: undefined reference to `_doprnt'
/tmp/cck58e8R.o:(.data+0x0): undefined reference to `_doprnt'
collect2: ld returned 1 exit status
configure:6738: $? = 1
configure: failed program was:
| /* confdefs.h.  */
| 
| #define PACKAGE_NAME "sphinx"
| #define PACKAGE_TARNAME "sphinx"
| #define PACKAGE_VERSION "0.9.8"
| #define PACKAGE_STRING "sphinx 0.9.8"
| #define PACKAGE_BUGREPORT "shodan(at)shodan.ru"
| #define PACKAGE "sphinx"
| #define VERSION "0.9.8"
| #ifdef __cplusplus
| extern "C" void exit (int) throw ();
| #endif
| #define STDC_HEADERS 1
| #define HAVE_SYS_WAIT_H 1
| #define HAVE_SYS_TYPES_H 1
| #define HAVE_SYS_STAT_H 1
| #define HAVE_STDLIB_H 1
| #define HAVE_STRING_H 1
| #define HAVE_MEMORY_H 1
| #define HAVE_STRINGS_H 1
| #define HAVE_INTTYPES_H 1
| #define HAVE_STDINT_H 1
| #define HAVE_UNISTD_H 1
| #define HAVE_FCNTL_H 1
| #define HAVE_LIMITS_H 1
| #define HAVE_NETDB_H 1
| #define HAVE_NETINET_IN_H 1
| #define HAVE_STDLIB_H 1
| #define HAVE_STRING_H 1
| #define HAVE_SYS_FILE_H 1
| #define HAVE_SYS_SOCKET_H 1
| #define HAVE_SYS_TIME_H 1
| #define HAVE_UNISTD_H 1
| #define HAVE__BOOL 1
| #define HAVE_STDBOOL_H 1
| #define TIME_WITH_SYS_TIME 1
| #define HAVE_UNISTD_H 1
| #define HAVE_FORK 1
| #define HAVE_VFORK 1
| #define HAVE_WORKING_VFORK 1
| #define HAVE_WORKING_FORK 1
| #define HAVE_STDLIB_H 1
| #define HAVE_MALLOC 1
| #define HAVE_STDLIB_H 1
| #define HAVE_REALLOC 1
| #define HAVE_SYS_SELECT_H 1
| #define HAVE_SYS_SOCKET_H 1
| #define SELECT_TYPE_ARG1 int
| #define SELECT_TYPE_ARG234 (fd_set *)
| #define SELECT_TYPE_ARG5 (struct timeval *)
| #define RETSIGTYPE void
| #define LSTAT_FOLLOWS_SLASHED_SYMLINK 1
| #define HAVE_VPRINTF 1
| /* end confdefs.h.  */
| /* Define _doprnt to an innocuous variant, in case <limits.h> declares _doprnt.
|    For example, HP-UX 11i <limits.h> declares gettimeofday.  */
| #define _doprnt innocuous__doprnt
| 
| /* System header to define __stub macros and hopefully few prototypes,
|     which can conflict with char _doprnt (); below.
|     Prefer <limits.h> to <assert.h> if __STDC__ is defined, since
|     <limits.h> exists even on freestanding compilers.  */
| 
| #ifdef __STDC__
| # include <limits.h>
| #else
| # include <assert.h>
| #endif
| 
| #undef _doprnt
| 
| /* Override any gcc2 internal prototype to avoid an error.  */
| #ifdef __cplusplus
| extern "C"
| {
| #endif
| /* We use char because int might match the return type of a gcc2
|    builtin and then its argument prototype would still apply.  */
| char _doprnt ();
| /* The GNU C library defines this for functions which it implements
|     to always fail with ENOSYS.  Some functions are actually named
|     something starting with __ and the normal name is an alias.  */
| #if defined (__stub__doprnt) || defined (__stub____doprnt)
| choke me
| #else
| char (*f) () = _doprnt;
| #endif
| #ifdef __cplusplus
| }
| #endif
| 
| int
| main ()
| {
| return f != _doprnt;
|   ;
|   return 0;
| }
configure:6763: result: no
configure:6777: checking for library containing setsockopt
configure:6807: gcc -o conftest -Wall -g -D_FILE_OFFSET_BITS=64 -O3 -DNDEBUG  -I/usr/local/include  conftest.c  -L/usr/local/lib >&5
configure:6813: $? = 0
configure:6817: test -z 
			 || test ! -s conftest.err
configure:6820: $? = 0
configure:6823: test -s conftest
configure:6826: $? = 0
configure:6896: result: none required
configure:6903: checking for library containing gethostbyname
configure:6933: gcc -o conftest -Wall -g -D_FILE_OFFSET_BITS=64 -O3 -DNDEBUG  -I/usr/local/include  conftest.c  -L/usr/local/lib >&5
configure:6939: $? = 0
configure:6943: test -z 
			 || test ! -s conftest.err
configure:6946: $? = 0
configure:6949: test -s conftest
configure:6952: $? = 0
configure:7022: result: none required
configure:7029: checking for library containing XML_Parse
configure:7059: gcc -o conftest -Wall -g -D_FILE_OFFSET_BITS=64 -O3 -DNDEBUG  -I/usr/local/include  conftest.c  -L/usr/local/lib >&5
/tmp/cce9ShKi.o: In function `main':
/home/superman/Desktop/leximo/project1/sphinx-0.9.8.1/conftest.c:66: undefined reference to `XML_Parse'
collect2: ld returned 1 exit status
configure:7065: $? = 1
configure: failed program was:
| /* confdefs.h.  */
| 
| #define PACKAGE_NAME "sphinx"
| #define PACKAGE_TARNAME "sphinx"
| #define PACKAGE_VERSION "0.9.8"
| #define PACKAGE_STRING "sphinx 0.9.8"
| #define PACKAGE_BUGREPORT "shodan(at)shodan.ru"
| #define PACKAGE "sphinx"
| #define VERSION "0.9.8"
| #ifdef __cplusplus
| extern "C" void exit (int) throw ();
| #endif
| #define STDC_HEADERS 1
| #define HAVE_SYS_WAIT_H 1
| #define HAVE_SYS_TYPES_H 1
| #define HAVE_SYS_STAT_H 1
| #define HAVE_STDLIB_H 1
| #define HAVE_STRING_H 1
| #define HAVE_MEMORY_H 1
| #define HAVE_STRINGS_H 1
| #define HAVE_INTTYPES_H 1
| #define HAVE_STDINT_H 1
| #define HAVE_UNISTD_H 1
| #define HAVE_FCNTL_H 1
| #define HAVE_LIMITS_H 1
| #define HAVE_NETDB_H 1
| #define HAVE_NETINET_IN_H 1
| #define HAVE_STDLIB_H 1
| #define HAVE_STRING_H 1
| #define HAVE_SYS_FILE_H 1
| #define HAVE_SYS_SOCKET_H 1
| #define HAVE_SYS_TIME_H 1
| #define HAVE_UNISTD_H 1
| #define HAVE__BOOL 1
| #define HAVE_STDBOOL_H 1
| #define TIME_WITH_SYS_TIME 1
| #define HAVE_UNISTD_H 1
| #define HAVE_FORK 1
| #define HAVE_VFORK 1
| #define HAVE_WORKING_VFORK 1
| #define HAVE_WORKING_FORK 1
| #define HAVE_STDLIB_H 1
| #define HAVE_MALLOC 1
| #define HAVE_STDLIB_H 1
| #define HAVE_REALLOC 1
| #define HAVE_SYS_SELECT_H 1
| #define HAVE_SYS_SOCKET_H 1
| #define SELECT_TYPE_ARG1 int
| #define SELECT_TYPE_ARG234 (fd_set *)
| #define SELECT_TYPE_ARG5 (struct timeval *)
| #define RETSIGTYPE void
| #define LSTAT_FOLLOWS_SLASHED_SYMLINK 1
| #define HAVE_VPRINTF 1
| /* end confdefs.h.  */
| 
| /* Override any gcc2 internal prototype to avoid an error.  */
| #ifdef __cplusplus
| extern "C"
| #endif
| /* We use char because int might match the return type of a gcc2
|    builtin and then its argument prototype would still apply.  */
| char XML_Parse ();
| int
| main ()
| {
| XML_Parse ();
|   ;
|   return 0;
| }
configure:7114: gcc -o conftest -Wall -g -D_FILE_OFFSET_BITS=64 -O3 -DNDEBUG  -I/usr/local/include  conftest.c -lexpat   -L/usr/local/lib >&5
/usr/bin/ld: cannot find -lexpat
collect2: ld returned 1 exit status
configure:7120: $? = 1
configure: failed program was:
| /* confdefs.h.  */
| 
| #define PACKAGE_NAME "sphinx"
| #define PACKAGE_TARNAME "sphinx"
| #define PACKAGE_VERSION "0.9.8"
| #define PACKAGE_STRING "sphinx 0.9.8"
| #define PACKAGE_BUGREPORT "shodan(at)shodan.ru"
| #define PACKAGE "sphinx"
| #define VERSION "0.9.8"
| #ifdef __cplusplus
| extern "C" void exit (int) throw ();
| #endif
| #define STDC_HEADERS 1
| #define HAVE_SYS_WAIT_H 1
| #define HAVE_SYS_TYPES_H 1
| #define HAVE_SYS_STAT_H 1
| #define HAVE_STDLIB_H 1
| #define HAVE_STRING_H 1
| #define HAVE_MEMORY_H 1
| #define HAVE_STRINGS_H 1
| #define HAVE_INTTYPES_H 1
| #define HAVE_STDINT_H 1
| #define HAVE_UNISTD_H 1
| #define HAVE_FCNTL_H 1
| #define HAVE_LIMITS_H 1
| #define HAVE_NETDB_H 1
| #define HAVE_NETINET_IN_H 1
| #define HAVE_STDLIB_H 1
| #define HAVE_STRING_H 1
| #define HAVE_SYS_FILE_H 1
| #define HAVE_SYS_SOCKET_H 1
| #define HAVE_SYS_TIME_H 1
| #define HAVE_UNISTD_H 1
| #define HAVE__BOOL 1
| #define HAVE_STDBOOL_H 1
| #define TIME_WITH_SYS_TIME 1
| #define HAVE_UNISTD_H 1
| #define HAVE_FORK 1
| #define HAVE_VFORK 1
| #define HAVE_WORKING_VFORK 1
| #define HAVE_WORKING_FORK 1
| #define HAVE_STDLIB_H 1
| #define HAVE_MALLOC 1
| #define HAVE_STDLIB_H 1
| #define HAVE_REALLOC 1
| #define HAVE_SYS_SELECT_H 1
| #define HAVE_SYS_SOCKET_H 1
| #define SELECT_TYPE_ARG1 int
| #define SELECT_TYPE_ARG234 (fd_set *)
| #define SELECT_TYPE_ARG5 (struct timeval *)
| #define RETSIGTYPE void
| #define LSTAT_FOLLOWS_SLASHED_SYMLINK 1
| #define HAVE_VPRINTF 1
| /* end confdefs.h.  */
| 
| /* Override any gcc2 internal prototype to avoid an error.  */
| #ifdef __cplusplus
| extern "C"
| #endif
| /* We use char because int might match the return type of a gcc2
|    builtin and then its argument prototype would still apply.  */
| char XML_Parse ();
| int
| main ()
| {
| XML_Parse ();
|   ;
|   return 0;
| }
configure:7148: result: no
configure:7157: checking for library containing iconv
configure:7187: gcc -o conftest -Wall -g -D_FILE_OFFSET_BITS=64 -O3 -DNDEBUG  -I/usr/local/include  conftest.c  -L/usr/local/lib >&5
configure:7193: $? = 0
configure:7197: test -z 
			 || test ! -s conftest.err
configure:7200: $? = 0
configure:7203: test -s conftest
configure:7206: $? = 0
configure:7276: result: none required
configure:7285: checking for library containing logf
configure:7315: gcc -o conftest -Wall -g -D_FILE_OFFSET_BITS=64 -O3 -DNDEBUG  -I/usr/local/include  conftest.c  -L/usr/local/lib >&5
conftest.c:62: warning: conflicting types for built-in function 'logf'
/tmp/cci8fmvM.o: In function `main':
/home/superman/Desktop/leximo/project1/sphinx-0.9.8.1/conftest.c:66: undefined reference to `logf'
collect2: ld returned 1 exit status
configure:7321: $? = 1
configure: failed program was:
| /* confdefs.h.  */
| 
| #define PACKAGE_NAME "sphinx"
| #define PACKAGE_TARNAME "sphinx"
| #define PACKAGE_VERSION "0.9.8"
| #define PACKAGE_STRING "sphinx 0.9.8"
| #define PACKAGE_BUGREPORT "shodan(at)shodan.ru"
| #define PACKAGE "sphinx"
| #define VERSION "0.9.8"
| #ifdef __cplusplus
| extern "C" void exit (int) throw ();
| #endif
| #define STDC_HEADERS 1
| #define HAVE_SYS_WAIT_H 1
| #define HAVE_SYS_TYPES_H 1
| #define HAVE_SYS_STAT_H 1
| #define HAVE_STDLIB_H 1
| #define HAVE_STRING_H 1
| #define HAVE_MEMORY_H 1
| #define HAVE_STRINGS_H 1
| #define HAVE_INTTYPES_H 1
| #define HAVE_STDINT_H 1
| #define HAVE_UNISTD_H 1
| #define HAVE_FCNTL_H 1
| #define HAVE_LIMITS_H 1
| #define HAVE_NETDB_H 1
| #define HAVE_NETINET_IN_H 1
| #define HAVE_STDLIB_H 1
| #define HAVE_STRING_H 1
| #define HAVE_SYS_FILE_H 1
| #define HAVE_SYS_SOCKET_H 1
| #define HAVE_SYS_TIME_H 1
| #define HAVE_UNISTD_H 1
| #define HAVE__BOOL 1
| #define HAVE_STDBOOL_H 1
| #define TIME_WITH_SYS_TIME 1
| #define HAVE_UNISTD_H 1
| #define HAVE_FORK 1
| #define HAVE_VFORK 1
| #define HAVE_WORKING_VFORK 1
| #define HAVE_WORKING_FORK 1
| #define HAVE_STDLIB_H 1
| #define HAVE_MALLOC 1
| #define HAVE_STDLIB_H 1
| #define HAVE_REALLOC 1
| #define HAVE_SYS_SELECT_H 1
| #define HAVE_SYS_SOCKET_H 1
| #define SELECT_TYPE_ARG1 int
| #define SELECT_TYPE_ARG234 (fd_set *)
| #define SELECT_TYPE_ARG5 (struct timeval *)
| #define RETSIGTYPE void
| #define LSTAT_FOLLOWS_SLASHED_SYMLINK 1
| #define HAVE_VPRINTF 1
| /* end confdefs.h.  */
| 
| /* Override any gcc2 internal prototype to avoid an error.  */
| #ifdef __cplusplus
| extern "C"
| #endif
| /* We use char because int might match the return type of a gcc2
|    builtin and then its argument prototype would still apply.  */
| char logf ();
| int
| main ()
| {
| logf ();
|   ;
|   return 0;
| }
configure:7370: gcc -o conftest -Wall -g -D_FILE_OFFSET_BITS=64 -O3 -DNDEBUG  -I/usr/local/include  conftest.c -lm   -L/usr/local/lib >&5
conftest.c:62: warning: conflicting types for built-in function 'logf'
configure:7376: $? = 0
configure:7380: test -z 
			 || test ! -s conftest.err
configure:7383: $? = 0
configure:7386: test -s conftest
configure:7389: $? = 0
configure:7404: result: -lm
configure:7428: checking for dup2
configure:7485: gcc -o conftest -Wall -g -D_FILE_OFFSET_BITS=64 -O3 -DNDEBUG  -I/usr/local/include  conftest.c -lm  -L/usr/local/lib >&5
configure:7491: $? = 0
configure:7495: test -z 
			 || test ! -s conftest.err
configure:7498: $? = 0
configure:7501: test -s conftest
configure:7504: $? = 0
configure:7516: result: yes
configure:7428: checking for gethostbyname
configure:7485: gcc -o conftest -Wall -g -D_FILE_OFFSET_BITS=64 -O3 -DNDEBUG  -I/usr/local/include  conftest.c -lm  -L/usr/local/lib >&5
configure:7491: $? = 0
configure:7495: test -z 
			 || test ! -s conftest.err
configure:7498: $? = 0
configure:7501: test -s conftest
configure:7504: $? = 0
configure:7516: result: yes
configure:7428: checking for gettimeofday
configure:7485: gcc -o conftest -Wall -g -D_FILE_OFFSET_BITS=64 -O3 -DNDEBUG  -I/usr/local/include  conftest.c -lm  -L/usr/local/lib >&5
configure:7491: $? = 0
configure:7495: test -z 
			 || test ! -s conftest.err
configure:7498: $? = 0
configure:7501: test -s conftest
configure:7504: $? = 0
configure:7516: result: yes
configure:7428: checking for memmove
configure:7485: gcc -o conftest -Wall -g -D_FILE_OFFSET_BITS=64 -O3 -DNDEBUG  -I/usr/local/include  conftest.c -lm  -L/usr/local/lib >&5
conftest.c:82: warning: conflicting types for built-in function 'memmove'
configure:7491: $? = 0
configure:7495: test -z 
			 || test ! -s conftest.err
configure:7498: $? = 0
configure:7501: test -s conftest
configure:7504: $? = 0
configure:7516: result: yes
configure:7428: checking for memset
configure:7485: gcc -o conftest -Wall -g -D_FILE_OFFSET_BITS=64 -O3 -DNDEBUG  -I/usr/local/include  conftest.c -lm  -L/usr/local/lib >&5
conftest.c:83: warning: conflicting types for built-in function 'memset'
configure:7491: $? = 0
configure:7495: test -z 
			 || test ! -s conftest.err
configure:7498: $? = 0
configure:7501: test -s conftest
configure:7504: $? = 0
configure:7516: result: yes
configure:7428: checking for select
configure:7485: gcc -o conftest -Wall -g -D_FILE_OFFSET_BITS=64 -O3 -DNDEBUG  -I/usr/local/include  conftest.c -lm  -L/usr/local/lib >&5
configure:7491: $? = 0
configure:7495: test -z 
			 || test ! -s conftest.err
configure:7498: $? = 0
configure:7501: test -s conftest
configure:7504: $? = 0
configure:7516: result: yes
configure:7428: checking for socket
configure:7485: gcc -o conftest -Wall -g -D_FILE_OFFSET_BITS=64 -O3 -DNDEBUG  -I/usr/local/include  conftest.c -lm  -L/usr/local/lib >&5
configure:7491: $? = 0
configure:7495: test -z 
			 || test ! -s conftest.err
configure:7498: $? = 0
configure:7501: test -s conftest
configure:7504: $? = 0
configure:7516: result: yes
configure:7428: checking for strcasecmp
configure:7485: gcc -o conftest -Wall -g -D_FILE_OFFSET_BITS=64 -O3 -DNDEBUG  -I/usr/local/include  conftest.c -lm  -L/usr/local/lib >&5
conftest.c:86: warning: conflicting types for built-in function 'strcasecmp'
configure:7491: $? = 0
configure:7495: test -z 
			 || test ! -s conftest.err
configure:7498: $? = 0
configure:7501: test -s conftest
configure:7504: $? = 0
configure:7516: result: yes
configure:7428: checking for strchr
configure:7485: gcc -o conftest -Wall -g -D_FILE_OFFSET_BITS=64 -O3 -DNDEBUG  -I/usr/local/include  conftest.c -lm  -L/usr/local/lib >&5
conftest.c:87: warning: conflicting types for built-in function 'strchr'
configure:7491: $? = 0
configure:7495: test -z 
			 || test ! -s conftest.err
configure:7498: $? = 0
configure:7501: test -s conftest
configure:7504: $? = 0
configure:7516: result: yes
configure:7428: checking for strerror
configure:7485: gcc -o conftest -Wall -g -D_FILE_OFFSET_BITS=64 -O3 -DNDEBUG  -I/usr/local/include  conftest.c -lm  -L/usr/local/lib >&5
configure:7491: $? = 0
configure:7495: test -z 
			 || test ! -s conftest.err
configure:7498: $? = 0
configure:7501: test -s conftest
configure:7504: $? = 0
configure:7516: result: yes
configure:7428: checking for strncasecmp
configure:7485: gcc -o conftest -Wall -g -D_FILE_OFFSET_BITS=64 -O3 -DNDEBUG  -I/usr/local/include  conftest.c -lm  -L/usr/local/lib >&5
conftest.c:89: warning: conflicting types for built-in function 'strncasecmp'
configure:7491: $? = 0
configure:7495: test -z 
			 || test ! -s conftest.err
configure:7498: $? = 0
configure:7501: test -s conftest
configure:7504: $? = 0
configure:7516: result: yes
configure:7428: checking for strstr
configure:7485: gcc -o conftest -Wall -g -D_FILE_OFFSET_BITS=64 -O3 -DNDEBUG  -I/usr/local/include  conftest.c -lm  -L/usr/local/lib >&5
conftest.c:90: warning: conflicting types for built-in function 'strstr'
configure:7491: $? = 0
configure:7495: test -z 
			 || test ! -s conftest.err
configure:7498: $? = 0
configure:7501: test -s conftest
configure:7504: $? = 0
configure:7516: result: yes
configure:7428: checking for strtol
configure:7485: gcc -o conftest -Wall -g -D_FILE_OFFSET_BITS=64 -O3 -DNDEBUG  -I/usr/local/include  conftest.c -lm  -L/usr/local/lib >&5
configure:7491: $? = 0
configure:7495: test -z 
			 || test ! -s conftest.err
configure:7498: $? = 0
configure:7501: test -s conftest
configure:7504: $? = 0
configure:7516: result: yes
configure:7428: checking for logf
configure:7485: gcc -o conftest -Wall -g -D_FILE_OFFSET_BITS=64 -O3 -DNDEBUG  -I/usr/local/include  conftest.c -lm  -L/usr/local/lib >&5
conftest.c:92: warning: conflicting types for built-in function 'logf'
configure:7491: $? = 0
configure:7495: test -z 
			 || test ! -s conftest.err
configure:7498: $? = 0
configure:7501: test -s conftest
configure:7504: $? = 0
configure:7516: result: yes
configure:7528: checking for LOCK_EX in sys/file.h
configure:7557: result: yes
configure:7568: checking for F_SETLKW in fcntl.h
configure:7597: result: yes
configure:7610: result: 
configure:7612: result: configuring Sphinx
configure:7615: result: ------------------
configure:7617: result: 
configure:7631: checking whether to compile with MySQL support
configure:7634: result: yes
configure:7679: checking for mysql_config
configure:7690: result: mysql_config
configure:7771: checking MySQL include files
configure:7815: result: -I/usr/include/mysql -DBIG_JOINS=1 -fPIC
configure:7820: checking MySQL libraries
configure:7864: result: -Wl,-Bsymbolic-functions -L/usr/lib/mysql -lmysqlclient
configure:7903: checking whether to compile with PostgreSQL support
configure:8052: result: no
configure:8071: checking whether to use 64-bit document/word IDs
configure:8093: result: no
configure:8108: checking whether to compile with libstemmer support
configure:8135: result: no
configure:8156: checking for libexpat
configure:8168: result: not found
configure:8170: WARNING: xmlpipe2 will NOT be available
configure:8184: checking for libiconv
configure:8293: result: not required
configure:8299: checking for unaligned RAM access
configure:8350: g++ -o conftest -Wall -g -D_FILE_OFFSET_BITS=64 -O3 -DNDEBUG  -I/usr/local/include -I/usr/include/mysql -DBIG_JOINS=1 -fPIC   conftest.cc -lm  -L/usr/local/lib >&5
conftest.cc: In function 'int main()':
conftest.cc:81: warning: comparison between signed and unsigned integer expressions
configure:8353: $? = 0
configure:8355: ./conftest
configure:8358: $? = 0
configure:8360: result: yes
configure:8385: result: 
configure:8387: result: generating configuration files
configure:8390: result: ------------------------------
configure:8392: result: 
configure:8552: creating ./config.status

## ---------------------- ##
## Running config.status. ##
## ---------------------- ##

This file was extended by sphinx config.status 0.9.8, which was
generated by GNU Autoconf 2.59.  Invocation command line was

  CONFIG_FILES    = 
  CONFIG_HEADERS  = 
  CONFIG_LINKS    = 
  CONFIG_COMMANDS = 
  $ ./config.status 

on linuxbox

config.status:716: creating Makefile
config.status:716: creating src/Makefile
config.status:716: creating libstemmer_c/Makefile
config.status:716: creating sphinx.conf.dist
config.status:716: creating sphinx-min.conf.dist
config.status:820: creating config/config.h
config.status:1046: config/config.h is unchanged
config.status:1226: executing depfiles commands
configure:9867: result: 
configure:9869: result: configuration done
configure:9872: result: ------------------
configure:9874: result: 

## ---------------- ##
## Cache variables. ##
## ---------------- ##

ac_cv_c_compiler_gnu=yes
ac_cv_c_const=yes
ac_cv_c_inline=inline
ac_cv_cxx_compiler_gnu=yes
ac_cv_define_F_SETLKW=yes
ac_cv_define_LOCK_EX=yes
ac_cv_env_CC_set=
ac_cv_env_CC_value=
ac_cv_env_CFLAGS_set=
ac_cv_env_CFLAGS_value=
ac_cv_env_CPPFLAGS_set=
ac_cv_env_CPPFLAGS_value=
ac_cv_env_CPP_set=
ac_cv_env_CPP_value=
ac_cv_env_CXXFLAGS_set=
ac_cv_env_CXXFLAGS_value=
ac_cv_env_CXX_set=
ac_cv_env_CXX_value=
ac_cv_env_LDFLAGS_set=
ac_cv_env_LDFLAGS_value=
ac_cv_env_build_alias_set=
ac_cv_env_build_alias_value=
ac_cv_env_host_alias_set=
ac_cv_env_host_alias_value=
ac_cv_env_target_alias_set=
ac_cv_env_target_alias_value=
ac_cv_exeext=
ac_cv_func__doprnt=no
ac_cv_func_dup2=yes
ac_cv_func_fork=yes
ac_cv_func_fork_works=yes
ac_cv_func_gethostbyname=yes
ac_cv_func_gettimeofday=yes
ac_cv_func_logf=yes
ac_cv_func_lstat_dereferences_slashed_symlink=yes
ac_cv_func_malloc_0_nonnull=yes
ac_cv_func_memmove=yes
ac_cv_func_memset=yes
ac_cv_func_realloc_0_nonnull=yes
ac_cv_func_select=yes
ac_cv_func_select_args='int,fd_set *,struct timeval *'
ac_cv_func_socket=yes
ac_cv_func_stat_empty_string_bug=no
ac_cv_func_strcasecmp=yes
ac_cv_func_strchr=yes
ac_cv_func_strerror=yes
ac_cv_func_strncasecmp=yes
ac_cv_func_strstr=yes
ac_cv_func_strtol=yes
ac_cv_func_vfork=yes
ac_cv_func_vfork_works=yes
ac_cv_func_vprintf=yes
ac_cv_header_expat_h=no
ac_cv_header_fcntl_h=yes
ac_cv_header_iconv_h=yes
ac_cv_header_inttypes_h=yes
ac_cv_header_limits_h=yes
ac_cv_header_memory_h=yes
ac_cv_header_netdb_h=yes
ac_cv_header_netinet_in_h=yes
ac_cv_header_stdbool_h=yes
ac_cv_header_stdc=yes
ac_cv_header_stdint_h=yes
ac_cv_header_stdlib_h=yes
ac_cv_header_string_h=yes
ac_cv_header_strings_h=yes
ac_cv_header_sys_file_h=yes
ac_cv_header_sys_select_h=yes
ac_cv_header_sys_socket_h=yes
ac_cv_header_sys_stat_h=yes
ac_cv_header_sys_time_h=yes
ac_cv_header_sys_types_h=yes
ac_cv_header_sys_wait_h=yes
ac_cv_header_time=yes
ac_cv_header_unistd_h=yes
ac_cv_header_vfork_h=no
ac_cv_objext=o
ac_cv_path_install='/usr/bin/install -c'
ac_cv_prog_AWK=mawk
ac_cv_prog_CPP='gcc -E'
ac_cv_prog_ac_ct_CC=gcc
ac_cv_prog_ac_ct_CXX=g++
ac_cv_prog_ac_ct_RANLIB=ranlib
ac_cv_prog_cc_g=yes
ac_cv_prog_cc_stdc=
ac_cv_prog_cxx_g=yes
ac_cv_prog_egrep='grep -E'
ac_cv_prog_make_make_set=yes
ac_cv_search_XML_Parse=no
ac_cv_search_gethostbyname='none required'
ac_cv_search_iconv='none required'
ac_cv_search_logf=-lm
ac_cv_search_setsockopt='none required'
ac_cv_type__Bool=yes
ac_cv_type_off_t=yes
ac_cv_type_pid_t=yes
ac_cv_type_signal=void
ac_cv_type_size_t=yes
ac_cv_use_debug=no
ac_cv_use_iconv=yes
ac_cv_use_libstemmer=no
ac_cv_use_mysql=yes
ac_cv_use_pgsql=no
am_cv_CC_dependencies_compiler_type=gcc3
am_cv_CXX_dependencies_compiler_type=gcc3

## ----------------- ##
## Output variables. ##
## ----------------- ##

ACLOCAL='${SHELL} /home/superman/Desktop/leximo/project1/sphinx-0.9.8.1/config/missing --run aclocal-1.9'
AMDEPBACKSLASH='\'
AMDEP_FALSE='#'
AMDEP_TRUE=''
AMTAR='${SHELL} /home/superman/Desktop/leximo/project1/sphinx-0.9.8.1/config/missing --run tar'
AUTOCONF='${SHELL} /home/superman/Desktop/leximo/project1/sphinx-0.9.8.1/config/missing --run autoconf'
AUTOHEADER='${SHELL} /home/superman/Desktop/leximo/project1/sphinx-0.9.8.1/config/missing --run autoheader'
AUTOMAKE='${SHELL} /home/superman/Desktop/leximo/project1/sphinx-0.9.8.1/config/missing --run automake-1.9'
AWK='mawk'
CC='gcc'
CCDEPMODE='depmode=gcc3'
CFLAGS='-Wall -g -D_FILE_OFFSET_BITS=64 -O3 -DNDEBUG'
CONFDIR='/var'
CPP='gcc -E'
CPPFLAGS=' -I/usr/local/include -I/usr/include/mysql -DBIG_JOINS=1 -fPIC '
CXX='g++'
CXXDEPMODE='depmode=gcc3'
CXXFLAGS='-Wall -g -D_FILE_OFFSET_BITS=64 -O3 -DNDEBUG'
CYGPATH_W='echo'
DEFS='-DHAVE_CONFIG_H'
DEPDIR='.deps'
ECHO_C=''
ECHO_N='-n'
ECHO_T=''
EGREP='grep -E'
EXEEXT=''
INSTALL_DATA='${INSTALL} -m 644'
INSTALL_PROGRAM='${INSTALL}'
INSTALL_SCRIPT='${INSTALL}'
INSTALL_STRIP_PROGRAM='${SHELL} $(install_sh) -c -s'
LDFLAGS=''
LIBOBJS=''
LIBS='-lm  -L/usr/local/lib'
LTLIBOBJS=''
MAINT='#'
MAINTAINER_MODE_FALSE=''
MAINTAINER_MODE_TRUE='#'
MAKEINFO='${SHELL} /home/superman/Desktop/leximo/project1/sphinx-0.9.8.1/config/missing --run makeinfo'
MYSQL_CFLAGS='-I/usr/include/mysql -DBIG_JOINS=1 -fPIC'
MYSQL_LIBS='-Wl,-Bsymbolic-functions -L/usr/lib/mysql -lmysqlclient'
OBJEXT='o'
PACKAGE='sphinx'
PACKAGE_BUGREPORT='shodan(at)shodan.ru'
PACKAGE_NAME='sphinx'
PACKAGE_STRING='sphinx 0.9.8'
PACKAGE_TARNAME='sphinx'
PACKAGE_VERSION='0.9.8'
PATH_SEPARATOR=':'
PGSQL_CFLAGS=''
PGSQL_LIBS=''
RANLIB='ranlib'
SET_MAKE=''
SHELL='/bin/bash'
STRIP=''
USE_LIBSTEMMER_FALSE=''
USE_LIBSTEMMER_TRUE='#'
USE_MYSQL_FALSE='#'
USE_MYSQL_TRUE=''
USE_PGSQL_FALSE=''
USE_PGSQL_TRUE='#'
VERSION='0.9.8'
ac_ct_CC='gcc'
ac_ct_CXX='g++'
ac_ct_RANLIB='ranlib'
ac_ct_STRIP=''
am__fastdepCC_FALSE='#'
am__fastdepCC_TRUE=''
am__fastdepCXX_FALSE='#'
am__fastdepCXX_TRUE=''
am__include='include'
am__leading_dot='.'
am__quote=''
am__tar='${AMTAR} chof - "$$tardir"'
am__untar='${AMTAR} xf -'
bindir='${exec_prefix}/bin'
build_alias=''
datadir='${prefix}/share'
exec_prefix='${prefix}'
host_alias=''
includedir='${prefix}/include'
infodir='${prefix}/info'
install_sh='/home/superman/Desktop/leximo/project1/sphinx-0.9.8.1/config/install-sh'
libdir='${exec_prefix}/lib'
libexecdir='${exec_prefix}/libexec'
localstatedir='${prefix}/var'
mandir='${prefix}/man'
mkdir_p='mkdir -p --'
oldincludedir='/usr/include'
pgconfig=''
prefix='/usr/local'
program_transform_name='s,x,x,'
sbindir='${exec_prefix}/sbin'
sharedstatedir='${prefix}/com'
sysconfdir='${prefix}/etc'
target_alias=''

## ----------- ##
## confdefs.h. ##
## ----------- ##

#define HAVE_DUP2 1
#define HAVE_FCNTL_H 1
#define HAVE_FORK 1
#define HAVE_F_SETLKW 1
#define HAVE_GETHOSTBYNAME 1
#define HAVE_GETTIMEOFDAY 1
#define HAVE_INTTYPES_H 1
#define HAVE_LIMITS_H 1
#define HAVE_LOCK_EX 1
#define HAVE_LOGF 1
#define HAVE_MALLOC 1
#define HAVE_MEMMOVE 1
#define HAVE_MEMORY_H 1
#define HAVE_MEMSET 1
#define HAVE_NETDB_H 1
#define HAVE_NETINET_IN_H 1
#define HAVE_REALLOC 1
#define HAVE_SELECT 1
#define HAVE_SOCKET 1
#define HAVE_STDBOOL_H 1
#define HAVE_STDINT_H 1
#define HAVE_STDLIB_H 1
#define HAVE_STDLIB_H 1
#define HAVE_STDLIB_H 1
#define HAVE_STDLIB_H 1
#define HAVE_STRCASECMP 1
#define HAVE_STRCHR 1
#define HAVE_STRERROR 1
#define HAVE_STRINGS_H 1
#define HAVE_STRING_H 1
#define HAVE_STRING_H 1
#define HAVE_STRNCASECMP 1
#define HAVE_STRSTR 1
#define HAVE_STRTOL 1
#define HAVE_SYS_FILE_H 1
#define HAVE_SYS_SELECT_H 1
#define HAVE_SYS_SOCKET_H 1
#define HAVE_SYS_SOCKET_H 1
#define HAVE_SYS_STAT_H 1
#define HAVE_SYS_TIME_H 1
#define HAVE_SYS_TYPES_H 1
#define HAVE_SYS_WAIT_H 1
#define HAVE_UNISTD_H 1
#define HAVE_UNISTD_H 1
#define HAVE_UNISTD_H 1
#define HAVE_VFORK 1
#define HAVE_VPRINTF 1
#define HAVE_WORKING_FORK 1
#define HAVE_WORKING_VFORK 1
#define HAVE__BOOL 1
#define LSTAT_FOLLOWS_SLASHED_SYMLINK 1
#define PACKAGE "sphinx"
#define PACKAGE_BUGREPORT "shodan(at)shodan.ru"
#define PACKAGE_NAME "sphinx"
#define PACKAGE_STRING "sphinx 0.9.8"
#define PACKAGE_TARNAME "sphinx"
#define PACKAGE_VERSION "0.9.8"
#define RETSIGTYPE void
#define SELECT_TYPE_ARG1 int
#define SELECT_TYPE_ARG234 (fd_set *)
#define SELECT_TYPE_ARG5 (struct timeval *)
#define STDC_HEADERS 1
#define TIME_WITH_SYS_TIME 1
#define UNALIGNED_RAM_ACCESS 1
#define USE_64BIT 0
#define USE_LIBSTEMMER 0
#define USE_MYSQL 1
#define VERSION "0.9.8"
#endif
#ifdef __cplusplus
extern "C" void exit (int) throw ();

configure: exit 0
